2020-04-17T21:28:45+00:00 CRITICAL Uncaught Error: Call to a member function get_type() on string in /var/www/wordpress/web/wp-content/plugins/wc-custom-add-to-cart-labels/wc-custom-add-to-cart-labels.php:172
Stack trace:
#0 /var/www/wordpress/web/wp-includes/class-wp-hook.php(289): custom_woocommerce_product_add_to_cart_text('Comprar')
#1 /var/www/wordpress/web/wp-includes/plugin.php(206): WP_Hook->apply_filters('Comprar', Array)
#2 /var/www/wordpress/web/wp-content/plugins/woocommerce/includes/class-wc-product-simple.php(62): apply_filters('woocommerce_pro...', 'Comprar', Object(WC_Product_Simple))
#3 /var/www/wordpress/web/wp-content/themes/oceanwp/inc/woocommerce/woocommerce-config.php(1317): WC_Product_Simple->add_to_cart_text()
#4 /var/www/wordpress/web/wp-content/themes/oceanwp/inc/woocommerce/woocommerce-config.php(1296): OceanWP_WooCommerce_Config::floating_bar_add_to_cart(Object(WC_Product_Simple))
#5 /var/www/wordpress/web/wp-includes/class-wp-hook.php(287): OceanWP_WooCommerce_Config->floating_bar('')
#6 /var/www/wordpress/web/wp-i, em /var/www/wordpress/web/wp-content/plugins/wc-custom-add-to-cart-labels/wc-custom-add-to-cart-labels.php, na linha 172

2020-04-17T21:28:51+00:00 CRITICAL Uncaught Error: Call to a member function get_type() on string in /var/www/wordpress/web/wp-content/plugins/wc-custom-add-to-cart-labels/wc-custom-add-to-cart-labels.php:172
Stack trace:
#0 /var/www/wordpress/web/wp-includes/class-wp-hook.php(289): custom_woocommerce_product_add_to_cart_text('Comprar')
#1 /var/www/wordpress/web/wp-includes/plugin.php(206): WP_Hook->apply_filters('Comprar', Array)
#2 /var/www/wordpress/web/wp-content/plugins/woocommerce/includes/class-wc-product-simple.php(62): apply_filters('woocommerce_pro...', 'Comprar', Object(WC_Product_Simple))
#3 /var/www/wordpress/web/wp-content/themes/oceanwp/inc/woocommerce/woocommerce-config.php(1317): WC_Product_Simple->add_to_cart_text()
#4 /var/www/wordpress/web/wp-content/themes/oceanwp/inc/woocommerce/woocommerce-config.php(1296): OceanWP_WooCommerce_Config::floating_bar_add_to_cart(Object(WC_Product_Simple))
#5 /var/www/wordpress/web/wp-includes/class-wp-hook.php(287): OceanWP_WooCommerce_Config->floating_bar('')
#6 /var/www/wordpress/web/wp-i, em /var/www/wordpress/web/wp-content/plugins/wc-custom-add-to-cart-labels/wc-custom-add-to-cart-labels.php, na linha 172

2020-04-17T21:29:12+00:00 CRITICAL Uncaught Error: Call to a member function get_type() on string in /var/www/wordpress/web/wp-content/plugins/wc-custom-add-to-cart-labels/wc-custom-add-to-cart-labels.php:172
Stack trace:
#0 /var/www/wordpress/web/wp-includes/class-wp-hook.php(289): custom_woocommerce_product_add_to_cart_text('Comprar')
#1 /var/www/wordpress/web/wp-includes/plugin.php(206): WP_Hook->apply_filters('Comprar', Array)
#2 /var/www/wordpress/web/wp-content/plugins/woocommerce/includes/class-wc-product-simple.php(62): apply_filters('woocommerce_pro...', 'Comprar', Object(WC_Product_Simple))
#3 /var/www/wordpress/web/wp-content/themes/oceanwp/inc/woocommerce/woocommerce-config.php(1317): WC_Product_Simple->add_to_cart_text()
#4 /var/www/wordpress/web/wp-content/themes/oceanwp/inc/woocommerce/woocommerce-config.php(1296): OceanWP_WooCommerce_Config::floating_bar_add_to_cart(Object(WC_Product_Simple))
#5 /var/www/wordpress/web/wp-includes/class-wp-hook.php(287): OceanWP_WooCommerce_Config->floating_bar('')
#6 /var/www/wordpress/web/wp-i, em /var/www/wordpress/web/wp-content/plugins/wc-custom-add-to-cart-labels/wc-custom-add-to-cart-labels.php, na linha 172

2020-04-17T21:30:11+00:00 CRITICAL Uncaught Error: Call to a member function get_type() on string in /var/www/wordpress/web/wp-content/plugins/wc-custom-add-to-cart-labels/wc-custom-add-to-cart-labels.php:172
Stack trace:
#0 /var/www/wordpress/web/wp-includes/class-wp-hook.php(289): custom_woocommerce_product_add_to_cart_text('Comprar')
#1 /var/www/wordpress/web/wp-includes/plugin.php(206): WP_Hook->apply_filters('Comprar', Array)
#2 /var/www/wordpress/web/wp-content/plugins/woocommerce/includes/class-wc-product-simple.php(62): apply_filters('woocommerce_pro...', 'Comprar', Object(WC_Product_Simple))
#3 /var/www/wordpress/web/wp-content/themes/oceanwp/inc/woocommerce/woocommerce-config.php(1317): WC_Product_Simple->add_to_cart_text()
#4 /var/www/wordpress/web/wp-content/themes/oceanwp/inc/woocommerce/woocommerce-config.php(1296): OceanWP_WooCommerce_Config::floating_bar_add_to_cart(Object(WC_Product_Simple))
#5 /var/www/wordpress/web/wp-includes/class-wp-hook.php(287): OceanWP_WooCommerce_Config->floating_bar('')
#6 /var/www/wordpress/web/wp-i, em /var/www/wordpress/web/wp-content/plugins/wc-custom-add-to-cart-labels/wc-custom-add-to-cart-labels.php, na linha 172

2020-04-17T21:30:18+00:00 CRITICAL Uncaught Error: Call to a member function get_type() on string in /var/www/wordpress/web/wp-content/plugins/wc-custom-add-to-cart-labels/wc-custom-add-to-cart-labels.php:172
Stack trace:
#0 /var/www/wordpress/web/wp-includes/class-wp-hook.php(289): custom_woocommerce_product_add_to_cart_text('Comprar')
#1 /var/www/wordpress/web/wp-includes/plugin.php(206): WP_Hook->apply_filters('Comprar', Array)
#2 /var/www/wordpress/web/wp-content/plugins/woocommerce/includes/class-wc-product-simple.php(62): apply_filters('woocommerce_pro...', 'Comprar', Object(WC_Product_Simple))
#3 /var/www/wordpress/web/wp-content/themes/oceanwp/inc/woocommerce/woocommerce-config.php(1317): WC_Product_Simple->add_to_cart_text()
#4 /var/www/wordpress/web/wp-content/themes/oceanwp/inc/woocommerce/woocommerce-config.php(1296): OceanWP_WooCommerce_Config::floating_bar_add_to_cart(Object(WC_Product_Simple))
#5 /var/www/wordpress/web/wp-includes/class-wp-hook.php(287): OceanWP_WooCommerce_Config->floating_bar('')
#6 /var/www/wordpress/web/wp-i, em /var/www/wordpress/web/wp-content/plugins/wc-custom-add-to-cart-labels/wc-custom-add-to-cart-labels.php, na linha 172

2020-04-17T21:30:24+00:00 CRITICAL Uncaught Error: Call to a member function get_type() on string in /var/www/wordpress/web/wp-content/plugins/wc-custom-add-to-cart-labels/wc-custom-add-to-cart-labels.php:172
Stack trace:
#0 /var/www/wordpress/web/wp-includes/class-wp-hook.php(289): custom_woocommerce_product_add_to_cart_text('Comprar')
#1 /var/www/wordpress/web/wp-includes/plugin.php(206): WP_Hook->apply_filters('Comprar', Array)
#2 /var/www/wordpress/web/wp-content/plugins/woocommerce/includes/class-wc-product-simple.php(62): apply_filters('woocommerce_pro...', 'Comprar', Object(WC_Product_Simple))
#3 /var/www/wordpress/web/wp-content/themes/oceanwp/inc/woocommerce/woocommerce-config.php(1317): WC_Product_Simple->add_to_cart_text()
#4 /var/www/wordpress/web/wp-content/themes/oceanwp/inc/woocommerce/woocommerce-config.php(1296): OceanWP_WooCommerce_Config::floating_bar_add_to_cart(Object(WC_Product_Simple))
#5 /var/www/wordpress/web/wp-includes/class-wp-hook.php(287): OceanWP_WooCommerce_Config->floating_bar('')
#6 /var/www/wordpress/web/wp-i, em /var/www/wordpress/web/wp-content/plugins/wc-custom-add-to-cart-labels/wc-custom-add-to-cart-labels.php, na linha 172

2020-04-17T21:30:32+00:00 CRITICAL Uncaught Error: Call to a member function get_type() on string in /var/www/wordpress/web/wp-content/plugins/wc-custom-add-to-cart-labels/wc-custom-add-to-cart-labels.php:172
Stack trace:
#0 /var/www/wordpress/web/wp-includes/class-wp-hook.php(289): custom_woocommerce_product_add_to_cart_text('Comprar')
#1 /var/www/wordpress/web/wp-includes/plugin.php(206): WP_Hook->apply_filters('Comprar', Array)
#2 /var/www/wordpress/web/wp-content/plugins/woocommerce/includes/class-wc-product-simple.php(62): apply_filters('woocommerce_pro...', 'Comprar', Object(WC_Product_Simple))
#3 /var/www/wordpress/web/wp-content/themes/oceanwp/inc/woocommerce/woocommerce-config.php(1317): WC_Product_Simple->add_to_cart_text()
#4 /var/www/wordpress/web/wp-content/themes/oceanwp/inc/woocommerce/woocommerce-config.php(1296): OceanWP_WooCommerce_Config::floating_bar_add_to_cart(Object(WC_Product_Simple))
#5 /var/www/wordpress/web/wp-includes/class-wp-hook.php(287): OceanWP_WooCommerce_Config->floating_bar('')
#6 /var/www/wordpress/web/wp-i, em /var/www/wordpress/web/wp-content/plugins/wc-custom-add-to-cart-labels/wc-custom-add-to-cart-labels.php, na linha 172

2020-04-17T21:32:14+00:00 CRITICAL Uncaught Error: Call to a member function get_type() on string in /var/www/wordpress/web/wp-content/plugins/wc-custom-add-to-cart-labels/wc-custom-add-to-cart-labels.php:172
Stack trace:
#0 /var/www/wordpress/web/wp-includes/class-wp-hook.php(289): custom_woocommerce_product_add_to_cart_text('Comprar')
#1 /var/www/wordpress/web/wp-includes/plugin.php(206): WP_Hook->apply_filters('Comprar', Array)
#2 /var/www/wordpress/web/wp-content/plugins/woocommerce/includes/class-wc-product-simple.php(62): apply_filters('woocommerce_pro...', 'Comprar', Object(WC_Product_Simple))
#3 /var/www/wordpress/web/wp-content/themes/oceanwp/inc/woocommerce/woocommerce-config.php(1317): WC_Product_Simple->add_to_cart_text()
#4 /var/www/wordpress/web/wp-content/themes/oceanwp/inc/woocommerce/woocommerce-config.php(1296): OceanWP_WooCommerce_Config::floating_bar_add_to_cart(Object(WC_Product_Simple))
#5 /var/www/wordpress/web/wp-includes/class-wp-hook.php(287): OceanWP_WooCommerce_Config->floating_bar('')
#6 /var/www/wordpress/web/wp-i, em /var/www/wordpress/web/wp-content/plugins/wc-custom-add-to-cart-labels/wc-custom-add-to-cart-labels.php, na linha 172

2020-04-17T21:32:22+00:00 CRITICAL Uncaught Error: Call to a member function get_type() on string in /var/www/wordpress/web/wp-content/plugins/wc-custom-add-to-cart-labels/wc-custom-add-to-cart-labels.php:172
Stack trace:
#0 /var/www/wordpress/web/wp-includes/class-wp-hook.php(289): custom_woocommerce_product_add_to_cart_text('Comprar')
#1 /var/www/wordpress/web/wp-includes/plugin.php(206): WP_Hook->apply_filters('Comprar', Array)
#2 /var/www/wordpress/web/wp-content/plugins/woocommerce/includes/class-wc-product-simple.php(62): apply_filters('woocommerce_pro...', 'Comprar', Object(WC_Product_Simple))
#3 /var/www/wordpress/web/wp-content/themes/oceanwp/inc/woocommerce/woocommerce-config.php(1317): WC_Product_Simple->add_to_cart_text()
#4 /var/www/wordpress/web/wp-content/themes/oceanwp/inc/woocommerce/woocommerce-config.php(1296): OceanWP_WooCommerce_Config::floating_bar_add_to_cart(Object(WC_Product_Simple))
#5 /var/www/wordpress/web/wp-includes/class-wp-hook.php(287): OceanWP_WooCommerce_Config->floating_bar('')
#6 /var/www/wordpress/web/wp-i, em /var/www/wordpress/web/wp-content/plugins/wc-custom-add-to-cart-labels/wc-custom-add-to-cart-labels.php, na linha 172

2020-04-17T21:32:43+00:00 CRITICAL Uncaught Error: Call to a member function get_type() on string in /var/www/wordpress/web/wp-content/plugins/wc-custom-add-to-cart-labels/wc-custom-add-to-cart-labels.php:172
Stack trace:
#0 /var/www/wordpress/web/wp-includes/class-wp-hook.php(289): custom_woocommerce_product_add_to_cart_text('Comprar')
#1 /var/www/wordpress/web/wp-includes/plugin.php(206): WP_Hook->apply_filters('Comprar', Array)
#2 /var/www/wordpress/web/wp-content/plugins/woocommerce/includes/class-wc-product-simple.php(62): apply_filters('woocommerce_pro...', 'Comprar', Object(WC_Product_Simple))
#3 /var/www/wordpress/web/wp-content/themes/oceanwp/inc/woocommerce/woocommerce-config.php(1317): WC_Product_Simple->add_to_cart_text()
#4 /var/www/wordpress/web/wp-content/themes/oceanwp/inc/woocommerce/woocommerce-config.php(1296): OceanWP_WooCommerce_Config::floating_bar_add_to_cart(Object(WC_Product_Simple))
#5 /var/www/wordpress/web/wp-includes/class-wp-hook.php(287): OceanWP_WooCommerce_Config->floating_bar('')
#6 /var/www/wordpress/web/wp-i, em /var/www/wordpress/web/wp-content/plugins/wc-custom-add-to-cart-labels/wc-custom-add-to-cart-labels.php, na linha 172

2020-04-17T21:33:41+00:00 CRITICAL Uncaught Error: Call to a member function get_type() on string in /var/www/wordpress/web/wp-content/plugins/wc-custom-add-to-cart-labels/wc-custom-add-to-cart-labels.php:172
Stack trace:
#0 /var/www/wordpress/web/wp-includes/class-wp-hook.php(289): custom_woocommerce_product_add_to_cart_text('Comprar')
#1 /var/www/wordpress/web/wp-includes/plugin.php(206): WP_Hook->apply_filters('Comprar', Array)
#2 /var/www/wordpress/web/wp-content/plugins/woocommerce/includes/class-wc-product-simple.php(62): apply_filters('woocommerce_pro...', 'Comprar', Object(WC_Product_Simple))
#3 /var/www/wordpress/web/wp-content/themes/oceanwp/inc/woocommerce/woocommerce-config.php(1317): WC_Product_Simple->add_to_cart_text()
#4 /var/www/wordpress/web/wp-content/themes/oceanwp/inc/woocommerce/woocommerce-config.php(1296): OceanWP_WooCommerce_Config::floating_bar_add_to_cart(Object(WC_Product_Simple))
#5 /var/www/wordpress/web/wp-includes/class-wp-hook.php(287): OceanWP_WooCommerce_Config->floating_bar('')
#6 /var/www/wordpress/web/wp-i, em /var/www/wordpress/web/wp-content/plugins/wc-custom-add-to-cart-labels/wc-custom-add-to-cart-labels.php, na linha 172

2020-04-17T21:35:19+00:00 CRITICAL Uncaught Error: Call to a member function get_type() on string in /var/www/wordpress/web/wp-content/plugins/wc-custom-add-to-cart-labels/wc-custom-add-to-cart-labels.php:172
Stack trace:
#0 /var/www/wordpress/web/wp-includes/class-wp-hook.php(289): custom_woocommerce_product_add_to_cart_text('Comprar')
#1 /var/www/wordpress/web/wp-includes/plugin.php(206): WP_Hook->apply_filters('Comprar', Array)
#2 /var/www/wordpress/web/wp-content/plugins/woocommerce/includes/class-wc-product-simple.php(62): apply_filters('woocommerce_pro...', 'Comprar', Object(WC_Product_Simple))
#3 /var/www/wordpress/web/wp-content/themes/oceanwp/inc/woocommerce/woocommerce-config.php(1317): WC_Product_Simple->add_to_cart_text()
#4 /var/www/wordpress/web/wp-content/themes/oceanwp/inc/woocommerce/woocommerce-config.php(1296): OceanWP_WooCommerce_Config::floating_bar_add_to_cart(Object(WC_Product_Simple))
#5 /var/www/wordpress/web/wp-includes/class-wp-hook.php(287): OceanWP_WooCommerce_Config->floating_bar('')
#6 /var/www/wordpress/web/wp-i, em /var/www/wordpress/web/wp-content/plugins/wc-custom-add-to-cart-labels/wc-custom-add-to-cart-labels.php, na linha 172

2020-04-17T21:35:27+00:00 CRITICAL Uncaught Error: Call to a member function get_type() on string in /var/www/wordpress/web/wp-content/plugins/wc-custom-add-to-cart-labels/wc-custom-add-to-cart-labels.php:172
Stack trace:
#0 /var/www/wordpress/web/wp-includes/class-wp-hook.php(289): custom_woocommerce_product_add_to_cart_text('Comprar')
#1 /var/www/wordpress/web/wp-includes/plugin.php(206): WP_Hook->apply_filters('Comprar', Array)
#2 /var/www/wordpress/web/wp-content/plugins/woocommerce/includes/class-wc-product-simple.php(62): apply_filters('woocommerce_pro...', 'Comprar', Object(WC_Product_Simple))
#3 /var/www/wordpress/web/wp-content/themes/oceanwp/inc/woocommerce/woocommerce-config.php(1317): WC_Product_Simple->add_to_cart_text()
#4 /var/www/wordpress/web/wp-content/themes/oceanwp/inc/woocommerce/woocommerce-config.php(1296): OceanWP_WooCommerce_Config::floating_bar_add_to_cart(Object(WC_Product_Simple))
#5 /var/www/wordpress/web/wp-includes/class-wp-hook.php(287): OceanWP_WooCommerce_Config->floating_bar('')
#6 /var/www/wordpress/web/wp-i, em /var/www/wordpress/web/wp-content/plugins/wc-custom-add-to-cart-labels/wc-custom-add-to-cart-labels.php, na linha 172

2020-04-17T21:35:35+00:00 CRITICAL Uncaught Error: Call to a member function get_type() on string in /var/www/wordpress/web/wp-content/plugins/wc-custom-add-to-cart-labels/wc-custom-add-to-cart-labels.php:172
Stack trace:
#0 /var/www/wordpress/web/wp-includes/class-wp-hook.php(289): custom_woocommerce_product_add_to_cart_text('Comprar')
#1 /var/www/wordpress/web/wp-includes/plugin.php(206): WP_Hook->apply_filters('Comprar', Array)
#2 /var/www/wordpress/web/wp-content/plugins/woocommerce/includes/class-wc-product-simple.php(62): apply_filters('woocommerce_pro...', 'Comprar', Object(WC_Product_Simple))
#3 /var/www/wordpress/web/wp-content/themes/oceanwp/inc/woocommerce/woocommerce-config.php(1317): WC_Product_Simple->add_to_cart_text()
#4 /var/www/wordpress/web/wp-content/themes/oceanwp/inc/woocommerce/woocommerce-config.php(1296): OceanWP_WooCommerce_Config::floating_bar_add_to_cart(Object(WC_Product_Simple))
#5 /var/www/wordpress/web/wp-includes/class-wp-hook.php(287): OceanWP_WooCommerce_Config->floating_bar('')
#6 /var/www/wordpress/web/wp-i, em /var/www/wordpress/web/wp-content/plugins/wc-custom-add-to-cart-labels/wc-custom-add-to-cart-labels.php, na linha 172

2020-04-17T21:35:42+00:00 CRITICAL Uncaught Error: Call to a member function get_type() on string in /var/www/wordpress/web/wp-content/plugins/wc-custom-add-to-cart-labels/wc-custom-add-to-cart-labels.php:172
Stack trace:
#0 /var/www/wordpress/web/wp-includes/class-wp-hook.php(289): custom_woocommerce_product_add_to_cart_text('Comprar')
#1 /var/www/wordpress/web/wp-includes/plugin.php(206): WP_Hook->apply_filters('Comprar', Array)
#2 /var/www/wordpress/web/wp-content/plugins/woocommerce/includes/class-wc-product-simple.php(62): apply_filters('woocommerce_pro...', 'Comprar', Object(WC_Product_Simple))
#3 /var/www/wordpress/web/wp-content/themes/oceanwp/inc/woocommerce/woocommerce-config.php(1317): WC_Product_Simple->add_to_cart_text()
#4 /var/www/wordpress/web/wp-content/themes/oceanwp/inc/woocommerce/woocommerce-config.php(1296): OceanWP_WooCommerce_Config::floating_bar_add_to_cart(Object(WC_Product_Simple))
#5 /var/www/wordpress/web/wp-includes/class-wp-hook.php(287): OceanWP_WooCommerce_Config->floating_bar('')
#6 /var/www/wordpress/web/wp-i, em /var/www/wordpress/web/wp-content/plugins/wc-custom-add-to-cart-labels/wc-custom-add-to-cart-labels.php, na linha 172

2020-04-17T21:35:55+00:00 CRITICAL Uncaught Error: Call to a member function get_type() on string in /var/www/wordpress/web/wp-content/plugins/wc-custom-add-to-cart-labels/wc-custom-add-to-cart-labels.php:172
Stack trace:
#0 /var/www/wordpress/web/wp-includes/class-wp-hook.php(289): custom_woocommerce_product_add_to_cart_text('Comprar')
#1 /var/www/wordpress/web/wp-includes/plugin.php(206): WP_Hook->apply_filters('Comprar', Array)
#2 /var/www/wordpress/web/wp-content/plugins/woocommerce/includes/class-wc-product-simple.php(62): apply_filters('woocommerce_pro...', 'Comprar', Object(WC_Product_Simple))
#3 /var/www/wordpress/web/wp-content/themes/oceanwp/inc/woocommerce/woocommerce-config.php(1317): WC_Product_Simple->add_to_cart_text()
#4 /var/www/wordpress/web/wp-content/themes/oceanwp/inc/woocommerce/woocommerce-config.php(1296): OceanWP_WooCommerce_Config::floating_bar_add_to_cart(Object(WC_Product_Simple))
#5 /var/www/wordpress/web/wp-includes/class-wp-hook.php(287): OceanWP_WooCommerce_Config->floating_bar('')
#6 /var/www/wordpress/web/wp-i, em /var/www/wordpress/web/wp-content/plugins/wc-custom-add-to-cart-labels/wc-custom-add-to-cart-labels.php, na linha 172

2020-04-17T21:36:09+00:00 CRITICAL Uncaught Error: Call to a member function get_type() on string in /var/www/wordpress/web/wp-content/plugins/wc-custom-add-to-cart-labels/wc-custom-add-to-cart-labels.php:172
Stack trace:
#0 /var/www/wordpress/web/wp-includes/class-wp-hook.php(289): custom_woocommerce_product_add_to_cart_text('Comprar')
#1 /var/www/wordpress/web/wp-includes/plugin.php(206): WP_Hook->apply_filters('Comprar', Array)
#2 /var/www/wordpress/web/wp-content/plugins/woocommerce/includes/class-wc-product-simple.php(62): apply_filters('woocommerce_pro...', 'Comprar', Object(WC_Product_Simple))
#3 /var/www/wordpress/web/wp-content/themes/oceanwp/inc/woocommerce/woocommerce-config.php(1317): WC_Product_Simple->add_to_cart_text()
#4 /var/www/wordpress/web/wp-content/themes/oceanwp/inc/woocommerce/woocommerce-config.php(1296): OceanWP_WooCommerce_Config::floating_bar_add_to_cart(Object(WC_Product_Simple))
#5 /var/www/wordpress/web/wp-includes/class-wp-hook.php(287): OceanWP_WooCommerce_Config->floating_bar('')
#6 /var/www/wordpress/web/wp-i, em /var/www/wordpress/web/wp-content/plugins/wc-custom-add-to-cart-labels/wc-custom-add-to-cart-labels.php, na linha 172

2020-04-17T21:38:46+00:00 CRITICAL Uncaught Error: Call to a member function get_type() on string in /var/www/wordpress/web/wp-content/plugins/wc-custom-add-to-cart-labels/wc-custom-add-to-cart-labels.php:172
Stack trace:
#0 /var/www/wordpress/web/wp-includes/class-wp-hook.php(289): custom_woocommerce_product_add_to_cart_text('Comprar')
#1 /var/www/wordpress/web/wp-includes/plugin.php(206): WP_Hook->apply_filters('Comprar', Array)
#2 /var/www/wordpress/web/wp-content/plugins/woocommerce/includes/class-wc-product-simple.php(62): apply_filters('woocommerce_pro...', 'Comprar', Object(WC_Product_Simple))
#3 /var/www/wordpress/web/wp-content/themes/oceanwp/inc/woocommerce/woocommerce-config.php(1317): WC_Product_Simple->add_to_cart_text()
#4 /var/www/wordpress/web/wp-content/themes/oceanwp/inc/woocommerce/woocommerce-config.php(1296): OceanWP_WooCommerce_Config::floating_bar_add_to_cart(Object(WC_Product_Simple))
#5 /var/www/wordpress/web/wp-includes/class-wp-hook.php(287): OceanWP_WooCommerce_Config->floating_bar('')
#6 /var/www/wordpress/web/wp-i, em /var/www/wordpress/web/wp-content/plugins/wc-custom-add-to-cart-labels/wc-custom-add-to-cart-labels.php, na linha 172

2020-04-17T21:39:35+00:00 CRITICAL Uncaught Error: Call to a member function get_type() on string in /var/www/wordpress/web/wp-content/plugins/wc-custom-add-to-cart-labels/wc-custom-add-to-cart-labels.php:172
Stack trace:
#0 /var/www/wordpress/web/wp-includes/class-wp-hook.php(289): custom_woocommerce_product_add_to_cart_text('Comprar')
#1 /var/www/wordpress/web/wp-includes/plugin.php(206): WP_Hook->apply_filters('Comprar', Array)
#2 /var/www/wordpress/web/wp-content/plugins/woocommerce/includes/class-wc-product-simple.php(62): apply_filters('woocommerce_pro...', 'Comprar', Object(WC_Product_Simple))
#3 /var/www/wordpress/web/wp-content/themes/oceanwp/inc/woocommerce/woocommerce-config.php(1317): WC_Product_Simple->add_to_cart_text()
#4 /var/www/wordpress/web/wp-content/themes/oceanwp/inc/woocommerce/woocommerce-config.php(1296): OceanWP_WooCommerce_Config::floating_bar_add_to_cart(Object(WC_Product_Simple))
#5 /var/www/wordpress/web/wp-includes/class-wp-hook.php(287): OceanWP_WooCommerce_Config->floating_bar('')
#6 /var/www/wordpress/web/wp-i, em /var/www/wordpress/web/wp-content/plugins/wc-custom-add-to-cart-labels/wc-custom-add-to-cart-labels.php, na linha 172

